{"C:\\Users\\leejunghun\\gitproject\\bigh\\src\\utils.js":{"path":"C:\\Users\\leejunghun\\gitproject\\bigh\\src\\utils.js","s":{"1":1,"2":1,"3":1,"4":0,"5":0,"6":0,"7":0,"8":0,"9":0,"10":0,"11":0,"12":1,"13":3,"14":0,"15":0,"16":0,"17":1,"18":0,"19":1,"20":0,"21":0,"22":1,"23":1,"24":1,"25":1,"26":1,"27":1,"28":1,"29":1,"30":0,"31":1,"32":1,"33":1,"34":1,"35":1,"36":1,"37":1,"38":1,"39":1,"40":1,"41":1,"42":0,"43":0,"44":0,"45":0,"46":0,"47":1,"48":1,"49":0,"50":0,"51":0,"52":0,"53":0,"54":0,"55":0,"56":0,"57":0,"58":1,"59":0,"60":1,"61":0,"62":0,"63":0,"64":0,"65":1,"66":0,"67":0,"68":0,"69":0},"b":{"1":[0,0],"2":[0,1],"3":[0,0]},"f":{"1":0,"2":3,"3":0,"4":0,"5":0,"6":0,"7":1,"8":1,"9":0,"10":1,"11":0,"12":0,"13":0,"14":0},"fnMap":{"1":{"name":"asyncGeneratorStep","line":7,"loc":{"start":{"line":7,"column":0},"end":{"line":7,"column":75}}},"2":{"name":"_asyncToGenerator","line":9,"loc":{"start":{"line":9,"column":0},"end":{"line":9,"column":31}}},"3":{"name":"(anonymous_3)","line":9,"loc":{"start":{"line":9,"column":40},"end":{"line":9,"column":52}}},"4":{"name":"(anonymous_4)","line":9,"loc":{"start":{"line":9,"column":108},"end":{"line":9,"column":135}}},"5":{"name":"_next","line":9,"loc":{"start":{"line":9,"column":169},"end":{"line":9,"column":191}}},"6":{"name":"_throw","line":9,"loc":{"start":{"line":9,"column":267},"end":{"line":9,"column":288}}},"7":{"name":"(anonymous_7)","line":13,"loc":{"start":{"line":13,"column":1},"end":{"line":13,"column":13}}},"8":{"name":"(anonymous_8)","line":14,"loc":{"start":{"line":14,"column":20},"end":{"line":14,"column":51}}},"9":{"name":"(anonymous_9)","line":45,"loc":{"start":{"line":45,"column":25},"end":{"line":45,"column":37}}},"10":{"name":"(anonymous_10)","line":55,"loc":{"start":{"line":55,"column":2},"end":{"line":55,"column":14}}},"11":{"name":"(anonymous_11)","line":56,"loc":{"start":{"line":56,"column":33},"end":{"line":56,"column":55}}},"12":{"name":"(anonymous_12)","line":74,"loc":{"start":{"line":74,"column":11},"end":{"line":74,"column":30}}},"13":{"name":"(anonymous_13)","line":81,"loc":{"start":{"line":81,"column":20},"end":{"line":81,"column":33}}},"14":{"name":"(anonymous_14)","line":89,"loc":{"start":{"line":89,"column":20},"end":{"line":89,"column":33}}}},"statementMap":{"1":{"start":{"line":3,"column":0},"end":{"line":3,"column":46}},"2":{"start":{"line":5,"column":0},"end":{"line":5,"column":50}},"3":{"start":{"line":7,"column":0},"end":{"line":7,"column":265}},"4":{"start":{"line":7,"column":77},"end":{"line":7,"column":175}},"5":{"start":{"line":7,"column":83},"end":{"line":7,"column":108}},"6":{"start":{"line":7,"column":109},"end":{"line":7,"column":132}},"7":{"start":{"line":7,"column":151},"end":{"line":7,"column":165}},"8":{"start":{"line":7,"column":166},"end":{"line":7,"column":173}},"9":{"start":{"line":7,"column":176},"end":{"line":7,"column":263}},"10":{"start":{"line":7,"column":193},"end":{"line":7,"column":208}},"11":{"start":{"line":7,"column":218},"end":{"line":7,"column":261}},"12":{"start":{"line":9,"column":0},"end":{"line":9,"column":389}},"13":{"start":{"line":9,"column":33},"end":{"line":9,"column":387}},"14":{"start":{"line":9,"column":54},"end":{"line":9,"column":88}},"15":{"start":{"line":9,"column":89},"end":{"line":9,"column":384}},"16":{"start":{"line":9,"column":137},"end":{"line":9,"column":168}},"17":{"start":{"line":9,"column":169},"end":{"line":9,"column":266}},"18":{"start":{"line":9,"column":193},"end":{"line":9,"column":264}},"19":{"start":{"line":9,"column":267},"end":{"line":9,"column":362}},"20":{"start":{"line":9,"column":290},"end":{"line":9,"column":360}},"21":{"start":{"line":9,"column":363},"end":{"line":9,"column":380}},"22":{"start":{"line":13,"column":0},"end":{"line":97,"column":5}},"23":{"start":{"line":14,"column":2},"end":{"line":43,"column":4}},"24":{"start":{"line":15,"column":4},"end":{"line":15,"column":32}},"25":{"start":{"line":16,"column":4},"end":{"line":16,"column":19}},"26":{"start":{"line":18,"column":4},"end":{"line":28,"column":5}},"27":{"start":{"line":19,"column":6},"end":{"line":19,"column":43}},"28":{"start":{"line":20,"column":6},"end":{"line":20,"column":32}},"29":{"start":{"line":22,"column":6},"end":{"line":24,"column":7}},"30":{"start":{"line":23,"column":8},"end":{"line":23,"column":35}},"31":{"start":{"line":26,"column":6},"end":{"line":26,"column":50}},"32":{"start":{"line":27,"column":6},"end":{"line":27,"column":37}},"33":{"start":{"line":30,"column":4},"end":{"line":30,"column":36}},"34":{"start":{"line":31,"column":4},"end":{"line":31,"column":37}},"35":{"start":{"line":33,"column":4},"end":{"line":33,"column":39}},"36":{"start":{"line":35,"column":4},"end":{"line":38,"column":7}},"37":{"start":{"line":39,"column":4},"end":{"line":39,"column":47}},"38":{"start":{"line":40,"column":4},"end":{"line":40,"column":48}},"39":{"start":{"line":41,"column":4},"end":{"line":41,"column":42}},"40":{"start":{"line":42,"column":4},"end":{"line":42,"column":15}},"41":{"start":{"line":45,"column":2},"end":{"line":51,"column":4}},"42":{"start":{"line":46,"column":4},"end":{"line":46,"column":52}},"43":{"start":{"line":47,"column":4},"end":{"line":47,"column":26}},"44":{"start":{"line":48,"column":4},"end":{"line":48,"column":62}},"45":{"start":{"line":49,"column":4},"end":{"line":49,"column":55}},"46":{"start":{"line":50,"column":4},"end":{"line":50,"column":56}},"47":{"start":{"line":53,"column":2},"end":{"line":77,"column":6}},"48":{"start":{"line":56,"column":4},"end":{"line":72,"column":7}},"49":{"start":{"line":57,"column":6},"end":{"line":57,"column":26}},"50":{"start":{"line":58,"column":6},"end":{"line":58,"column":91}},"51":{"start":{"line":58,"column":37},"end":{"line":58,"column":91}},"52":{"start":{"line":59,"column":6},"end":{"line":59,"column":39}},"53":{"start":{"line":61,"column":6},"end":{"line":61,"column":57}},"54":{"start":{"line":63,"column":6},"end":{"line":69,"column":7}},"55":{"start":{"line":64,"column":8},"end":{"line":66,"column":36}},"56":{"start":{"line":68,"column":8},"end":{"line":68,"column":44}},"57":{"start":{"line":71,"column":6},"end":{"line":71,"column":63}},"58":{"start":{"line":74,"column":4},"end":{"line":76,"column":6}},"59":{"start":{"line":75,"column":6},"end":{"line":75,"column":41}},"60":{"start":{"line":79,"column":2},"end":{"line":86,"column":5}},"61":{"start":{"line":82,"column":4},"end":{"line":82,"column":36}},"62":{"start":{"line":83,"column":4},"end":{"line":83,"column":21}},"63":{"start":{"line":84,"column":4},"end":{"line":84,"column":51}},"64":{"start":{"line":85,"column":4},"end":{"line":85,"column":54}},"65":{"start":{"line":87,"column":2},"end":{"line":96,"column":5}},"66":{"start":{"line":90,"column":4},"end":{"line":90,"column":53}},"67":{"start":{"line":91,"column":4},"end":{"line":91,"column":73}},"68":{"start":{"line":92,"column":4},"end":{"line":92,"column":27}},"69":{"start":{"line":95,"column":4},"end":{"line":95,"column":74}}},"branchMap":{"1":{"line":7,"type":"if","locations":[{"start":{"line":7,"column":176},"end":{"line":7,"column":176}},{"start":{"line":7,"column":176},"end":{"line":7,"column":176}}]},"2":{"line":22,"type":"if","locations":[{"start":{"line":22,"column":6},"end":{"line":22,"column":6}},{"start":{"line":22,"column":6},"end":{"line":22,"column":6}}]},"3":{"line":58,"type":"if","locations":[{"start":{"line":58,"column":6},"end":{"line":58,"column":6}},{"start":{"line":58,"column":6},"end":{"line":58,"column":6}}]}}}}