{"C:\\Users\\leejunghun\\gitproject\\bigh\\src\\utils.js":{"path":"C:\\Users\\leejunghun\\gitproject\\bigh\\src\\utils.js","s":{"1":1,"2":1,"3":1,"4":0,"5":0,"6":0,"7":0,"8":0,"9":0,"10":0,"11":0,"12":1,"13":1,"14":0,"15":0,"16":0,"17":1,"18":0,"19":1,"20":0,"21":0,"22":1,"23":1,"24":2,"25":2,"26":2,"27":4,"28":4,"29":4,"30":2,"31":4,"32":4,"33":2,"34":2,"35":2,"36":2,"37":2,"38":2,"39":2,"40":2,"41":1,"42":1,"43":0,"44":0,"45":0,"46":0,"47":0,"48":0,"49":0,"50":0,"51":0,"52":1,"53":0},"b":{"1":[0,0],"2":[2,2],"3":[0,0]},"f":{"1":0,"2":1,"3":0,"4":0,"5":0,"6":0,"7":1,"8":2,"9":1,"10":0,"11":0},"fnMap":{"1":{"name":"asyncGeneratorStep","line":7,"loc":{"start":{"line":7,"column":0},"end":{"line":7,"column":75}}},"2":{"name":"_asyncToGenerator","line":9,"loc":{"start":{"line":9,"column":0},"end":{"line":9,"column":31}}},"3":{"name":"(anonymous_3)","line":9,"loc":{"start":{"line":9,"column":40},"end":{"line":9,"column":52}}},"4":{"name":"(anonymous_4)","line":9,"loc":{"start":{"line":9,"column":108},"end":{"line":9,"column":135}}},"5":{"name":"_next","line":9,"loc":{"start":{"line":9,"column":169},"end":{"line":9,"column":191}}},"6":{"name":"_throw","line":9,"loc":{"start":{"line":9,"column":267},"end":{"line":9,"column":288}}},"7":{"name":"(anonymous_7)","line":13,"loc":{"start":{"line":13,"column":1},"end":{"line":13,"column":13}}},"8":{"name":"(anonymous_8)","line":14,"loc":{"start":{"line":14,"column":20},"end":{"line":14,"column":51}}},"9":{"name":"(anonymous_9)","line":56,"loc":{"start":{"line":56,"column":2},"end":{"line":56,"column":14}}},"10":{"name":"(anonymous_10)","line":57,"loc":{"start":{"line":57,"column":33},"end":{"line":57,"column":55}}},"11":{"name":"(anonymous_11)","line":75,"loc":{"start":{"line":75,"column":11},"end":{"line":75,"column":30}}}},"statementMap":{"1":{"start":{"line":3,"column":0},"end":{"line":3,"column":46}},"2":{"start":{"line":5,"column":0},"end":{"line":5,"column":50}},"3":{"start":{"line":7,"column":0},"end":{"line":7,"column":265}},"4":{"start":{"line":7,"column":77},"end":{"line":7,"column":175}},"5":{"start":{"line":7,"column":83},"end":{"line":7,"column":108}},"6":{"start":{"line":7,"column":109},"end":{"line":7,"column":132}},"7":{"start":{"line":7,"column":151},"end":{"line":7,"column":165}},"8":{"start":{"line":7,"column":166},"end":{"line":7,"column":173}},"9":{"start":{"line":7,"column":176},"end":{"line":7,"column":263}},"10":{"start":{"line":7,"column":193},"end":{"line":7,"column":208}},"11":{"start":{"line":7,"column":218},"end":{"line":7,"column":261}},"12":{"start":{"line":9,"column":0},"end":{"line":9,"column":389}},"13":{"start":{"line":9,"column":33},"end":{"line":9,"column":387}},"14":{"start":{"line":9,"column":54},"end":{"line":9,"column":88}},"15":{"start":{"line":9,"column":89},"end":{"line":9,"column":384}},"16":{"start":{"line":9,"column":137},"end":{"line":9,"column":168}},"17":{"start":{"line":9,"column":169},"end":{"line":9,"column":266}},"18":{"start":{"line":9,"column":193},"end":{"line":9,"column":264}},"19":{"start":{"line":9,"column":267},"end":{"line":9,"column":362}},"20":{"start":{"line":9,"column":290},"end":{"line":9,"column":360}},"21":{"start":{"line":9,"column":363},"end":{"line":9,"column":380}},"22":{"start":{"line":13,"column":0},"end":{"line":97,"column":5}},"23":{"start":{"line":14,"column":2},"end":{"line":43,"column":4}},"24":{"start":{"line":15,"column":4},"end":{"line":15,"column":32}},"25":{"start":{"line":16,"column":4},"end":{"line":16,"column":19}},"26":{"start":{"line":18,"column":4},"end":{"line":28,"column":5}},"27":{"start":{"line":19,"column":6},"end":{"line":19,"column":43}},"28":{"start":{"line":20,"column":6},"end":{"line":20,"column":32}},"29":{"start":{"line":22,"column":6},"end":{"line":24,"column":7}},"30":{"start":{"line":23,"column":8},"end":{"line":23,"column":35}},"31":{"start":{"line":26,"column":6},"end":{"line":26,"column":50}},"32":{"start":{"line":27,"column":6},"end":{"line":27,"column":37}},"33":{"start":{"line":30,"column":4},"end":{"line":30,"column":36}},"34":{"start":{"line":31,"column":4},"end":{"line":31,"column":37}},"35":{"start":{"line":33,"column":4},"end":{"line":33,"column":39}},"36":{"start":{"line":35,"column":4},"end":{"line":38,"column":7}},"37":{"start":{"line":39,"column":4},"end":{"line":39,"column":47}},"38":{"start":{"line":40,"column":4},"end":{"line":40,"column":48}},"39":{"start":{"line":41,"column":4},"end":{"line":41,"column":42}},"40":{"start":{"line":42,"column":4},"end":{"line":42,"column":15}},"41":{"start":{"line":54,"column":2},"end":{"line":78,"column":6}},"42":{"start":{"line":57,"column":4},"end":{"line":73,"column":7}},"43":{"start":{"line":58,"column":6},"end":{"line":58,"column":26}},"44":{"start":{"line":59,"column":6},"end":{"line":59,"column":91}},"45":{"start":{"line":59,"column":37},"end":{"line":59,"column":91}},"46":{"start":{"line":60,"column":6},"end":{"line":60,"column":39}},"47":{"start":{"line":62,"column":6},"end":{"line":62,"column":57}},"48":{"start":{"line":64,"column":6},"end":{"line":70,"column":7}},"49":{"start":{"line":65,"column":8},"end":{"line":67,"column":36}},"50":{"start":{"line":69,"column":8},"end":{"line":69,"column":44}},"51":{"start":{"line":72,"column":6},"end":{"line":72,"column":63}},"52":{"start":{"line":75,"column":4},"end":{"line":77,"column":6}},"53":{"start":{"line":76,"column":6},"end":{"line":76,"column":41}}},"branchMap":{"1":{"line":7,"type":"if","locations":[{"start":{"line":7,"column":176},"end":{"line":7,"column":176}},{"start":{"line":7,"column":176},"end":{"line":7,"column":176}}]},"2":{"line":22,"type":"if","locations":[{"start":{"line":22,"column":6},"end":{"line":22,"column":6}},{"start":{"line":22,"column":6},"end":{"line":22,"column":6}}]},"3":{"line":59,"type":"if","locations":[{"start":{"line":59,"column":6},"end":{"line":59,"column":6}},{"start":{"line":59,"column":6},"end":{"line":59,"column":6}}]}}}}