TN:
SF:C:\Users\leejunghun\gitproject\bigh\src\utils.js
FN:7,asyncGeneratorStep
FN:9,_asyncToGenerator
FN:9,(anonymous_3)
FN:9,(anonymous_4)
FN:9,_next
FN:9,_throw
FN:13,(anonymous_7)
FN:14,(anonymous_8)
FN:56,(anonymous_9)
FN:57,(anonymous_10)
FN:75,(anonymous_11)
FNF:11
FNH:4
FNDA:0,asyncGeneratorStep
FNDA:1,_asyncToGenerator
FNDA:0,(anonymous_3)
FNDA:0,(anonymous_4)
FNDA:0,_next
FNDA:0,_throw
FNDA:1,(anonymous_7)
FNDA:2,(anonymous_8)
FNDA:1,(anonymous_9)
FNDA:0,(anonymous_10)
FNDA:0,(anonymous_11)
DA:3,1
DA:5,1
DA:7,1
DA:9,1
DA:13,1
DA:14,1
DA:15,2
DA:16,2
DA:18,2
DA:19,4
DA:20,4
DA:22,4
DA:23,2
DA:26,4
DA:27,4
DA:30,2
DA:31,2
DA:33,2
DA:35,2
DA:39,2
DA:40,2
DA:41,2
DA:42,2
DA:54,1
DA:57,1
DA:58,0
DA:59,0
DA:60,0
DA:62,0
DA:64,0
DA:65,0
DA:69,0
DA:72,0
DA:75,1
DA:76,0
LF:35
LH:26
BRDA:7,1,0,0
BRDA:7,1,1,0
BRDA:22,2,0,2
BRDA:22,2,1,2
BRDA:59,3,0,0
BRDA:59,3,1,0
BRF:6
BRH:2
end_of_record
