TN:
SF:C:\Users\leejunghun\gitproject\bigh\src\utils.js
FN:7,asyncGeneratorStep
FN:9,_asyncToGenerator
FN:9,(anonymous_3)
FN:9,(anonymous_4)
FN:9,_next
FN:9,_throw
FN:13,(anonymous_7)
FN:14,(anonymous_8)
FN:45,(anonymous_9)
FN:55,(anonymous_10)
FN:56,(anonymous_11)
FN:74,(anonymous_12)
FN:81,(anonymous_13)
FN:89,(anonymous_14)
FNF:14
FNH:4
FNDA:0,asyncGeneratorStep
FNDA:3,_asyncToGenerator
FNDA:0,(anonymous_3)
FNDA:0,(anonymous_4)
FNDA:0,_next
FNDA:0,_throw
FNDA:1,(anonymous_7)
FNDA:1,(anonymous_8)
FNDA:0,(anonymous_9)
FNDA:1,(anonymous_10)
FNDA:0,(anonymous_11)
FNDA:0,(anonymous_12)
FNDA:0,(anonymous_13)
FNDA:0,(anonymous_14)
DA:3,1
DA:5,1
DA:7,1
DA:9,3
DA:13,1
DA:14,1
DA:15,1
DA:16,1
DA:18,1
DA:19,1
DA:20,1
DA:22,1
DA:23,0
DA:26,1
DA:27,1
DA:30,1
DA:31,1
DA:33,1
DA:35,1
DA:39,1
DA:40,1
DA:41,1
DA:42,1
DA:45,1
DA:46,0
DA:47,0
DA:48,0
DA:49,0
DA:50,0
DA:53,1
DA:56,1
DA:57,0
DA:58,0
DA:59,0
DA:61,0
DA:63,0
DA:64,0
DA:68,0
DA:71,0
DA:74,1
DA:75,0
DA:79,1
DA:82,0
DA:83,0
DA:84,0
DA:85,0
DA:87,1
DA:90,0
DA:91,0
DA:92,0
DA:95,0
LF:51
LH:28
BRDA:7,1,0,0
BRDA:7,1,1,0
BRDA:22,2,0,0
BRDA:22,2,1,1
BRDA:58,3,0,0
BRDA:58,3,1,0
BRF:6
BRH:1
end_of_record
